  Building Custom Rule C:/Users/robin/Documents/Programming-Language/PL_Bonus/CMake/ext/nana/CMakeLists.txt
  CMake does not need to re-run because C:/Users/robin/Documents/Programming-Language/PL_Bonus/CMake/build/ext/nana/CMakeFiles/generate.stamp is up-to-date.
  any.cpp
  basic_types.cpp
  charset.cpp
  datetime.cpp
  deploy.cpp
  internationalization.cpp
  stdc++.cpp
  unicode_bidi.cpp
  platform_abstraction.cpp
  platform_spec_posix.cpp
  platform_spec_windows.cpp
  theme.cpp
  filesystem.cpp
  animation.cpp
  basis.cpp
  dragdrop.cpp
  dragger.cpp
  drawing.cpp
  effects.cpp
  element.cpp
  正在產生程式碼...
  正在編譯...
  filebox.cpp
  layout_utility.cpp
  msgbox.cpp
  notifier.cpp
  place.cpp
  programming_interface.cpp
  screen.cpp
  state_cursor.cpp
  timer.cpp
  tooltip.cpp
  wvl.cpp
  basic_window.cpp
  bedrock_pi.cpp
  bedrock_posix.cpp
  bedrock_windows.cpp
  color_schemes.cpp
  drawer.cpp
  element_store.cpp
  events_operation.cpp
  native_window_interface.cpp
  正在產生程式碼...
  正在編譯...
  window_layout.cpp
  window_manager.cpp
  button.cpp
  categorize.cpp
  checkbox.cpp
  combox.cpp
  date_chooser.cpp
  float_listbox.cpp
  form.cpp
  group.cpp
  label.cpp
  listbox.cpp
  menu.cpp
  menubar.cpp
  panel.cpp
  picture.cpp
  progress.cpp
  scroll.cpp
  slider.cpp
  spinbox.cpp
  正在產生程式碼...
  正在編譯...
  tabbar.cpp
  textbox.cpp
  toolbar.cpp
  treebox.cpp
  widget.cpp
  content_view.cpp
  text_editor.cpp
  graphics.cpp
  image.cpp
  image_process_selector.cpp
  pixel_buffer.cpp
  text_renderer.cpp
  image_process_provider.cpp
  native_paint_interface.cpp
  dataexch.cpp
  platform.cpp
  shared_wrapper.cpp
  timepiece.cpp
  pool.cpp
  正在產生程式碼...
bedrock_posix.obj : warning LNK4221: 硂ン郎⊿Τ﹚竡ヴ玡ゼ﹚竡そノ才腹ヴㄏノ硂祘Α畐硈挡穨常盢ぃ穦ㄏノウ
platform_spec_posix.obj : warning LNK4221: 硂ン郎⊿Τ﹚竡ヴ玡ゼ﹚竡そノ才腹ヴㄏノ硂祘Α畐硈挡穨常盢ぃ穦ㄏノウ
  nana.vcxproj -> C:\Users\robin\Documents\Programming-Language\PL_Bonus\CMake\build\ext\nana\Debug\nana.lib
