c:\users\robin\documents\programming-language\pl_bonus\cmake\build\ext\nana\nana.dir\debug\nana.pdb
c:\users\robin\documents\programming-language\pl_bonus\cmake\build\ext\nana\nana.dir\debug\element.obj
c:\users\robin\documents\programming-language\pl_bonus\cmake\build\ext\nana\nana.dir\debug\effects.obj
c:\users\robin\documents\programming-language\pl_bonus\cmake\build\ext\nana\nana.dir\debug\drawing.obj
c:\users\robin\documents\programming-language\pl_bonus\cmake\build\ext\nana\nana.dir\debug\dragger.obj
c:\users\robin\documents\programming-language\pl_bonus\cmake\build\ext\nana\nana.dir\debug\dragdrop.obj
c:\users\robin\documents\programming-language\pl_bonus\cmake\build\ext\nana\nana.dir\debug\basis.obj
c:\users\robin\documents\programming-language\pl_bonus\cmake\build\ext\nana\nana.dir\debug\animation.obj
c:\users\robin\documents\programming-language\pl_bonus\cmake\build\ext\nana\nana.dir\debug\filesystem.obj
c:\users\robin\documents\programming-language\pl_bonus\cmake\build\ext\nana\nana.dir\debug\theme.obj
c:\users\robin\documents\programming-language\pl_bonus\cmake\build\ext\nana\nana.dir\debug\platform_spec_windows.obj
c:\users\robin\documents\programming-language\pl_bonus\cmake\build\ext\nana\nana.dir\debug\platform_spec_posix.obj
c:\users\robin\documents\programming-language\pl_bonus\cmake\build\ext\nana\nana.dir\debug\platform_abstraction.obj
c:\users\robin\documents\programming-language\pl_bonus\cmake\build\ext\nana\nana.dir\debug\unicode_bidi.obj
c:\users\robin\documents\programming-language\pl_bonus\cmake\build\ext\nana\nana.dir\debug\stdc++.obj
c:\users\robin\documents\programming-language\pl_bonus\cmake\build\ext\nana\nana.dir\debug\internationalization.obj
c:\users\robin\documents\programming-language\pl_bonus\cmake\build\ext\nana\nana.dir\debug\deploy.obj
c:\users\robin\documents\programming-language\pl_bonus\cmake\build\ext\nana\nana.dir\debug\datetime.obj
c:\users\robin\documents\programming-language\pl_bonus\cmake\build\ext\nana\nana.dir\debug\charset.obj
c:\users\robin\documents\programming-language\pl_bonus\cmake\build\ext\nana\nana.dir\debug\basic_types.obj
c:\users\robin\documents\programming-language\pl_bonus\cmake\build\ext\nana\nana.dir\debug\any.obj
c:\users\robin\documents\programming-language\pl_bonus\cmake\build\ext\nana\nana.dir\debug\native_window_interface.obj
c:\users\robin\documents\programming-language\pl_bonus\cmake\build\ext\nana\nana.dir\debug\events_operation.obj
c:\users\robin\documents\programming-language\pl_bonus\cmake\build\ext\nana\nana.dir\debug\element_store.obj
c:\users\robin\documents\programming-language\pl_bonus\cmake\build\ext\nana\nana.dir\debug\drawer.obj
c:\users\robin\documents\programming-language\pl_bonus\cmake\build\ext\nana\nana.dir\debug\color_schemes.obj
c:\users\robin\documents\programming-language\pl_bonus\cmake\build\ext\nana\nana.dir\debug\bedrock_windows.obj
c:\users\robin\documents\programming-language\pl_bonus\cmake\build\ext\nana\nana.dir\debug\bedrock_posix.obj
c:\users\robin\documents\programming-language\pl_bonus\cmake\build\ext\nana\nana.dir\debug\bedrock_pi.obj
c:\users\robin\documents\programming-language\pl_bonus\cmake\build\ext\nana\nana.dir\debug\basic_window.obj
c:\users\robin\documents\programming-language\pl_bonus\cmake\build\ext\nana\nana.dir\debug\wvl.obj
c:\users\robin\documents\programming-language\pl_bonus\cmake\build\ext\nana\nana.dir\debug\tooltip.obj
c:\users\robin\documents\programming-language\pl_bonus\cmake\build\ext\nana\nana.dir\debug\timer.obj
c:\users\robin\documents\programming-language\pl_bonus\cmake\build\ext\nana\nana.dir\debug\state_cursor.obj
c:\users\robin\documents\programming-language\pl_bonus\cmake\build\ext\nana\nana.dir\debug\screen.obj
c:\users\robin\documents\programming-language\pl_bonus\cmake\build\ext\nana\nana.dir\debug\programming_interface.obj
c:\users\robin\documents\programming-language\pl_bonus\cmake\build\ext\nana\nana.dir\debug\place.obj
c:\users\robin\documents\programming-language\pl_bonus\cmake\build\ext\nana\nana.dir\debug\notifier.obj
c:\users\robin\documents\programming-language\pl_bonus\cmake\build\ext\nana\nana.dir\debug\msgbox.obj
c:\users\robin\documents\programming-language\pl_bonus\cmake\build\ext\nana\nana.dir\debug\layout_utility.obj
c:\users\robin\documents\programming-language\pl_bonus\cmake\build\ext\nana\nana.dir\debug\filebox.obj
c:\users\robin\documents\programming-language\pl_bonus\cmake\build\ext\nana\nana.dir\debug\spinbox.obj
c:\users\robin\documents\programming-language\pl_bonus\cmake\build\ext\nana\nana.dir\debug\slider.obj
c:\users\robin\documents\programming-language\pl_bonus\cmake\build\ext\nana\nana.dir\debug\scroll.obj
c:\users\robin\documents\programming-language\pl_bonus\cmake\build\ext\nana\nana.dir\debug\progress.obj
c:\users\robin\documents\programming-language\pl_bonus\cmake\build\ext\nana\nana.dir\debug\picture.obj
c:\users\robin\documents\programming-language\pl_bonus\cmake\build\ext\nana\nana.dir\debug\panel.obj
c:\users\robin\documents\programming-language\pl_bonus\cmake\build\ext\nana\nana.dir\debug\menubar.obj
c:\users\robin\documents\programming-language\pl_bonus\cmake\build\ext\nana\nana.dir\debug\menu.obj
c:\users\robin\documents\programming-language\pl_bonus\cmake\build\ext\nana\nana.dir\debug\listbox.obj
c:\users\robin\documents\programming-language\pl_bonus\cmake\build\ext\nana\nana.dir\debug\label.obj
c:\users\robin\documents\programming-language\pl_bonus\cmake\build\ext\nana\nana.dir\debug\group.obj
c:\users\robin\documents\programming-language\pl_bonus\cmake\build\ext\nana\nana.dir\debug\form.obj
c:\users\robin\documents\programming-language\pl_bonus\cmake\build\ext\nana\nana.dir\debug\float_listbox.obj
c:\users\robin\documents\programming-language\pl_bonus\cmake\build\ext\nana\nana.dir\debug\date_chooser.obj
c:\users\robin\documents\programming-language\pl_bonus\cmake\build\ext\nana\nana.dir\debug\combox.obj
c:\users\robin\documents\programming-language\pl_bonus\cmake\build\ext\nana\nana.dir\debug\checkbox.obj
c:\users\robin\documents\programming-language\pl_bonus\cmake\build\ext\nana\nana.dir\debug\categorize.obj
c:\users\robin\documents\programming-language\pl_bonus\cmake\build\ext\nana\nana.dir\debug\button.obj
c:\users\robin\documents\programming-language\pl_bonus\cmake\build\ext\nana\nana.dir\debug\window_manager.obj
c:\users\robin\documents\programming-language\pl_bonus\cmake\build\ext\nana\nana.dir\debug\window_layout.obj
c:\users\robin\documents\programming-language\pl_bonus\cmake\build\ext\nana\nana.dir\debug\pool.obj
c:\users\robin\documents\programming-language\pl_bonus\cmake\build\ext\nana\nana.dir\debug\timepiece.obj
c:\users\robin\documents\programming-language\pl_bonus\cmake\build\ext\nana\nana.dir\debug\shared_wrapper.obj
c:\users\robin\documents\programming-language\pl_bonus\cmake\build\ext\nana\nana.dir\debug\platform.obj
c:\users\robin\documents\programming-language\pl_bonus\cmake\build\ext\nana\nana.dir\debug\dataexch.obj
c:\users\robin\documents\programming-language\pl_bonus\cmake\build\ext\nana\nana.dir\debug\native_paint_interface.obj
c:\users\robin\documents\programming-language\pl_bonus\cmake\build\ext\nana\nana.dir\debug\image_process_provider.obj
c:\users\robin\documents\programming-language\pl_bonus\cmake\build\ext\nana\nana.dir\debug\text_renderer.obj
c:\users\robin\documents\programming-language\pl_bonus\cmake\build\ext\nana\nana.dir\debug\pixel_buffer.obj
c:\users\robin\documents\programming-language\pl_bonus\cmake\build\ext\nana\nana.dir\debug\image_process_selector.obj
c:\users\robin\documents\programming-language\pl_bonus\cmake\build\ext\nana\nana.dir\debug\image.obj
c:\users\robin\documents\programming-language\pl_bonus\cmake\build\ext\nana\nana.dir\debug\graphics.obj
c:\users\robin\documents\programming-language\pl_bonus\cmake\build\ext\nana\nana.dir\debug\text_editor.obj
c:\users\robin\documents\programming-language\pl_bonus\cmake\build\ext\nana\nana.dir\debug\content_view.obj
c:\users\robin\documents\programming-language\pl_bonus\cmake\build\ext\nana\nana.dir\debug\widget.obj
c:\users\robin\documents\programming-language\pl_bonus\cmake\build\ext\nana\nana.dir\debug\treebox.obj
c:\users\robin\documents\programming-language\pl_bonus\cmake\build\ext\nana\nana.dir\debug\toolbar.obj
c:\users\robin\documents\programming-language\pl_bonus\cmake\build\ext\nana\nana.dir\debug\textbox.obj
c:\users\robin\documents\programming-language\pl_bonus\cmake\build\ext\nana\nana.dir\debug\tabbar.obj
c:\users\robin\documents\programming-language\pl_bonus\cmake\build\ext\nana\cmakefiles\generate.stamp
c:\users\robin\documents\programming-language\pl_bonus\cmake\build\ext\nana\debug\nana.lib
c:\users\robin\documents\programming-language\pl_bonus\cmake\build\ext\nana\debug\nana.pdb
c:\users\robin\documents\programming-language\pl_bonus\cmake\build\ext\nana\nana.dir\debug\nana.tlog\cl.command.1.tlog
c:\users\robin\documents\programming-language\pl_bonus\cmake\build\ext\nana\nana.dir\debug\nana.tlog\cl.read.1.tlog
c:\users\robin\documents\programming-language\pl_bonus\cmake\build\ext\nana\nana.dir\debug\nana.tlog\cl.write.1.tlog
c:\users\robin\documents\programming-language\pl_bonus\cmake\build\ext\nana\nana.dir\debug\nana.tlog\custombuild.command.1.tlog
c:\users\robin\documents\programming-language\pl_bonus\cmake\build\ext\nana\nana.dir\debug\nana.tlog\custombuild.read.1.tlog
c:\users\robin\documents\programming-language\pl_bonus\cmake\build\ext\nana\nana.dir\debug\nana.tlog\custombuild.write.1.tlog
c:\users\robin\documents\programming-language\pl_bonus\cmake\build\ext\nana\nana.dir\debug\nana.tlog\lib-link.read.1.tlog
c:\users\robin\documents\programming-language\pl_bonus\cmake\build\ext\nana\nana.dir\debug\nana.tlog\lib-link.write.1.tlog
c:\users\robin\documents\programming-language\pl_bonus\cmake\build\ext\nana\nana.dir\debug\nana.tlog\lib.command.1.tlog
